<?xml version="1.0" encoding="UTF-8"?>
<!-- Generated by org.testng.reporters.JUnitReportReporter -->
<testsuite hostname="DESKTOP-1JNDGSA" failures="0" tests="1" name="com.sample.Maven2.Samp3" time="37.474" errors="0" timestamp="2023-07-22T12:05:18 IST" skipped="0">
  <testcase classname="com.sample.Maven2.Samp3" name="launch" time="37.474"/>
  <system-out/>
</testsuite> <!-- com.sample.Maven2.Samp3 -->
