<?xml version="1.0" encoding="UTF-8"?>
<!-- Generated by org.testng.reporters.JUnitReportReporter -->
<testsuite hostname="DESKTOP-1JNDGSA" failures="0" tests="2" name="com.sample.Maven2.Samp2" time="0.006" errors="0" timestamp="2023-07-12T14:11:02 IST" skipped="0">
  <testcase classname="com.sample.Maven2.Samp2" name="m3" time="0.004"/>
  <system-out/>
  <testcase classname="com.sample.Maven2.Samp2" name="m4" time="0.002"/>
  <system-out/>
</testsuite> <!-- com.sample.Maven2.Samp2 -->
