<?xml version="1.0" encoding="UTF-8"?>
<!-- Generated by org.testng.reporters.JUnitReportReporter -->
<testsuite hostname="DESKTOP-1JNDGSA" failures="0" tests="1" name="com.sample.Maven2.Base4test" time="23.729" errors="0" timestamp="2023-07-22T12:46:49 IST" skipped="0">
  <testcase classname="com.sample.Maven2.Base4test" name="addresult" time="23.729"/>
  <system-out/>
</testsuite> <!-- com.sample.Maven2.Base4test -->
