<?xml version="1.0" encoding="UTF-8"?>
<!-- Generated by org.testng.reporters.JUnitReportReporter -->
<testsuite hostname="DESKTOP-1JNDGSA" failures="0" tests="1" name="com.sample.Maven2.Base3test" time="52.042" errors="0" timestamp="2023-07-20T14:04:17 IST" skipped="0">
  <testcase classname="com.sample.Maven2.Base3test" name="addcart" time="52.042"/>
  <system-out/>
</testsuite> <!-- com.sample.Maven2.Base3test -->
