<?xml version="1.0" encoding="UTF-8"?>
<!-- Generated by org.testng.reporters.JUnitReportReporter -->
<testsuite hostname="DESKTOP-1JNDGSA" failures="0" tests="1" name="com.sample.Maven2.Base4test" time="45.329" errors="0" timestamp="2023-07-22T13:29:02 IST" skipped="0">
  <testcase classname="com.sample.Maven2.Base4test" name="addresult" time="45.329"/>
  <system-out/>
</testsuite> <!-- com.sample.Maven2.Base4test -->
